<?xml version="1.0" encoding="utf-8"?><testsuites name="pytest tests"><testsuite name="pytest" errors="0" failures="0" skipped="0" tests="10" time="4.303" timestamp="2026-03-16T06:04:41.260072+00:00" hostname="agent-env-7882f06e-7ef6-45d2-bc92-0b6efb2e353d"><testcase classname="backend.tests.test_new_features.TestLogin" name="test_dharun_login" time="0.385" /><testcase classname="backend.tests.test_new_features.TestLogin" name="test_rogan_login" time="0.328" /><testcase classname="backend.tests.test_new_features.TestCMPerformance" name="test_get_lifetime" time="0.447" /><testcase classname="backend.tests.test_new_features.TestCMPerformance" name="test_get_monthly" time="0.104" /><testcase classname="backend.tests.test_new_features.TestOccupancyEntry" name="test_get_occupancy" time="0.178" /><testcase classname="backend.tests.test_new_features.TestOccupancyEntry" name="test_save_bulk_occupied_beds" time="0.239" /><testcase classname="backend.tests.test_new_features.TestOccupancyEntry" name="test_occupied_beds_percentage_calculation" time="0.144" /><testcase classname="backend.tests.test_new_features.TestChangePassword" name="test_wrong_current_password" time="0.642" /><testcase classname="backend.tests.test_new_features.TestChangePassword" name="test_change_password_success" time="1.422" /><testcase classname="backend.tests.test_new_features.TestPropertiesCM" name="test_assign_cluster_manager" time="0.347" /></testsuite></testsuites>