<?xml version="1.0" encoding="utf-8"?><testsuites name="pytest tests"><testsuite name="pytest" errors="0" failures="0" skipped="13" tests="13" time="0.577" timestamp="2026-03-14T07:18:51.320055+00:00" hostname="agent-env-7882f06e-7ef6-45d2-bc92-0b6efb2e353d"><testcase classname="backend.tests.test_new_features.TestPropertyPerformance" name="test_returns_200" time="0.459"><skipped type="pytest.skip" message="Login failed">/app/backend/tests/test_new_features.py:24: Login failed</skipped></testcase><testcase classname="backend.tests.test_new_features.TestPropertyPerformance" name="test_returns_34_properties" time="0.000"><skipped type="pytest.skip" message="Login failed">/app/backend/tests/test_new_features.py:28: Login failed</skipped></testcase><testcase classname="backend.tests.test_new_features.TestPropertyPerformance" name="test_properties_sorted_by_all_time_avg" time="0.000"><skipped type="pytest.skip" message="Login failed">/app/backend/tests/test_new_features.py:34: Login failed</skipped></testcase><testcase classname="backend.tests.test_new_features.TestPropertyPerformance" name="test_property_fields" time="0.000"><skipped type="pytest.skip" message="Login failed">/app/backend/tests/test_new_features.py:45: Login failed</skipped></testcase><testcase classname="backend.tests.test_new_features.TestPropertyDetail" name="test_returns_200" time="0.000"><skipped type="pytest.skip" message="Login failed">/app/backend/tests/test_new_features.py:62: Login failed</skipped></testcase><testcase classname="backend.tests.test_new_features.TestPropertyDetail" name="test_response_structure" time="0.000"><skipped type="pytest.skip" message="Login failed">/app/backend/tests/test_new_features.py:67: Login failed</skipped></testcase><testcase classname="backend.tests.test_new_features.TestPropertyDetail" name="test_heatmap_is_dict" time="0.000"><skipped type="pytest.skip" message="Login failed">/app/backend/tests/test_new_features.py:75: Login failed</skipped></testcase><testcase classname="backend.tests.test_new_features.TestPropertyDetail" name="test_monthly_averages_has_12_months" time="0.000"><skipped type="pytest.skip" message="Login failed">/app/backend/tests/test_new_features.py:82: Login failed</skipped></testcase><testcase classname="backend.tests.test_new_features.TestPropertyDetail" name="test_property_sub_object" time="0.000"><skipped type="pytest.skip" message="Login failed">/app/backend/tests/test_new_features.py:92: Login failed</skipped></testcase><testcase classname="backend.tests.test_new_features.TestPropertyDetail" name="test_404_for_invalid_id" time="0.000"><skipped type="pytest.skip" message="Login failed">/app/backend/tests/test_new_features.py:100: Login failed</skipped></testcase><testcase classname="backend.tests.test_new_features.TestTrendComparison" name="test_returns_200" time="0.000"><skipped type="pytest.skip" message="Login failed">/app/backend/tests/test_new_features.py:109: Login failed</skipped></testcase><testcase classname="backend.tests.test_new_features.TestTrendComparison" name="test_response_structure" time="0.000"><skipped type="pytest.skip" message="Login failed">/app/backend/tests/test_new_features.py:113: Login failed</skipped></testcase><testcase classname="backend.tests.test_new_features.TestTrendComparison" name="test_comparison_fields" time="0.000"><skipped type="pytest.skip" message="Login failed">/app/backend/tests/test_new_features.py:121: Login failed</skipped></testcase></testsuite></testsuites>