<?xml version="1.0" encoding="utf-8"?><testsuites name="pytest tests"><testsuite name="pytest" errors="0" failures="0" skipped="0" tests="18" time="5.451" timestamp="2026-03-14T06:31:21.771278+00:00" hostname="agent-env-7882f06e-7ef6-45d2-bc92-0b6efb2e353d"><testcase classname="backend.tests.test_yube1_apis.TestAuth" name="test_login_admin_success" time="0.544" /><testcase classname="backend.tests.test_yube1_apis.TestAuth" name="test_login_wrong_password" time="0.402" /><testcase classname="backend.tests.test_yube1_apis.TestAuth" name="test_login_unknown_user" time="0.119" /><testcase classname="backend.tests.test_yube1_apis.TestAuth" name="test_get_me" time="0.488" /><testcase classname="backend.tests.test_yube1_apis.TestAuth" name="test_no_token_rejected" time="0.145" /><testcase classname="backend.tests.test_yube1_apis.TestProperties" name="test_get_properties" time="0.179" /><testcase classname="backend.tests.test_yube1_apis.TestProperties" name="test_sarovar_assigned_to_bene" time="0.147" /><testcase classname="backend.tests.test_yube1_apis.TestProperties" name="test_transit_assigned_to_abdul" time="0.163" /><testcase classname="backend.tests.test_yube1_apis.TestDashboard" name="test_dashboard_overview" time="0.144" /><testcase classname="backend.tests.test_yube1_apis.TestOccupancy" name="test_get_occupancy" time="0.162" /><testcase classname="backend.tests.test_yube1_apis.TestOccupancy" name="test_save_bulk_occupancy" time="0.312" /><testcase classname="backend.tests.test_yube1_apis.TestOccupancy" name="test_cluster_manager_cannot_save_occupancy" time="1.180" /><testcase classname="backend.tests.test_yube1_apis.TestReports" name="test_daily_report" time="0.170" /><testcase classname="backend.tests.test_yube1_apis.TestReports" name="test_monthly_report" time="0.148" /><testcase classname="backend.tests.test_yube1_apis.TestReports" name="test_performance_managers" time="0.164" /><testcase classname="backend.tests.test_yube1_apis.TestUserManagement" name="test_get_users_admin" time="0.133" /><testcase classname="backend.tests.test_yube1_apis.TestUserManagement" name="test_get_users_cluster_manager_forbidden" time="0.159" /><testcase classname="backend.tests.test_yube1_apis.TestUserManagement" name="test_create_and_delete_user" time="0.531" /></testsuite></testsuites>